1565810526000	mozrunner::runner	INFO	Running command: "/usr/bin/firefox" "-marionette" "-foreground" "-no-remote" "-profile" "/tmp/rust_mozprofile.MwAV0oVDlOec"
1565810530199	addons.webextension.screenshots@mozilla.org	WARN	Loading extension 'screenshots@mozilla.org': Reading manifest: Invalid extension permission: mozillaAddons
1565810530200	addons.webextension.screenshots@mozilla.org	WARN	Loading extension 'screenshots@mozilla.org': Reading manifest: Invalid extension permission: resource://pdf.js/
1565810530200	addons.webextension.screenshots@mozilla.org	WARN	Loading extension 'screenshots@mozilla.org': Reading manifest: Invalid extension permission: about:reader*
1565810536547	Marionette	INFO	Listening on port 34567
1565810536558	Marionette	WARN	TLS certificate errors will be ignored for this session

(firefox:4963): GLib-GObject-WARNING **: 16:22:17.770: ../../../../gobject/gsignal.c:3492: signal name 'selection_changed' is invalid for instance '0x7f196cb4edd0' of type 'MaiAtkType139'
console.error: BroadcastService: 
  receivedBroadcastMessage: handler for
  remote-settings/monitor_changes
  threw error:
  Message: Error: Polling for changes failed: http://%(server)s/dummy/blocklist//buckets/monitor/collections/changes/records?_expected=%221565740805582%22 is not a valid URL..
  Stack:
    remoteSettingsFunction/remoteSettings.pollChanges@resource://services-settings/remote-settings.js:203:13

[Parent 4963, Gecko_IOThread] WARNING: pipe error (72): Conexão fechada pela outra ponta: file /build/firefox-gHMaBx/firefox-67.0.1+build1/ipc/chromium/src/chrome/common/ipc_channel_posix.cc, line 357
[Parent 4963, Gecko_IOThread] WARNING: pipe error (100): Conexão fechada pela outra ponta: file /build/firefox-gHMaBx/firefox-67.0.1+build1/ipc/chromium/src/chrome/common/ipc_channel_posix.cc, line 357
1565810583041	Marionette	INFO	Stopped listening on port 34567
1565811129855	mozrunner::runner	INFO	Running command: "/usr/bin/firefox" "-marionette" "-foreground" "-no-remote" "-profile" "/tmp/rust_mozprofile.cCC5Ahzns2nb"
1565811130266	addons.webextension.screenshots@mozilla.org	WARN	Loading extension 'screenshots@mozilla.org': Reading manifest: Invalid extension permission: mozillaAddons
1565811130266	addons.webextension.screenshots@mozilla.org	WARN	Loading extension 'screenshots@mozilla.org': Reading manifest: Invalid extension permission: resource://pdf.js/
1565811130266	addons.webextension.screenshots@mozilla.org	WARN	Loading extension 'screenshots@mozilla.org': Reading manifest: Invalid extension permission: about:reader*
1565811133565	Marionette	INFO	Listening on port 42189
1565811133581	Marionette	WARN	TLS certificate errors will be ignored for this session
console.error: BroadcastService: 
  receivedBroadcastMessage: handler for
  remote-settings/monitor_changes
  threw error:
  Message: Error: Polling for changes failed: http://%(server)s/dummy/blocklist//buckets/monitor/collections/changes/records?_expected=%221565740805582%22 is not a valid URL..
  Stack:
    remoteSettingsFunction/remoteSettings.pollChanges@resource://services-settings/remote-settings.js:203:13

[Parent 5565, Gecko_IOThread] WARNING: pipe error (80): Conexão fechada pela outra ponta: file /build/firefox-gHMaBx/firefox-67.0.1+build1/ipc/chromium/src/chrome/common/ipc_channel_posix.cc, line 357
[Parent 5565, Gecko_IOThread] WARNING: pipe error (99): Conexão fechada pela outra ponta: file /build/firefox-gHMaBx/firefox-67.0.1+build1/ipc/chromium/src/chrome/common/ipc_channel_posix.cc, line 357
1565811463895	Marionette	INFO	Stopped listening on port 42189
1566228628838	mozrunner::runner	INFO	Running command: "/usr/bin/firefox" "-marionette" "-foreground" "-no-remote" "-profile" "/tmp/rust_mozprofile.YyndK3MlcT0d"
1566228629961	addons.webextension.screenshots@mozilla.org	WARN	Loading extension 'screenshots@mozilla.org': Reading manifest: Invalid extension permission: mozillaAddons
1566228629961	addons.webextension.screenshots@mozilla.org	WARN	Loading extension 'screenshots@mozilla.org': Reading manifest: Invalid extension permission: resource://pdf.js/
1566228629961	addons.webextension.screenshots@mozilla.org	WARN	Loading extension 'screenshots@mozilla.org': Reading manifest: Invalid extension permission: about:reader*
1566228633946	Marionette	INFO	Listening on port 42995
1566228633971	Marionette	WARN	TLS certificate errors will be ignored for this session
[Parent 5131, Gecko_IOThread] WARNING: pipe error (83): Conexão fechada pela outra ponta: file /build/firefox-gHMaBx/firefox-67.0.1+build1/ipc/chromium/src/chrome/common/ipc_channel_posix.cc, line 357
[Parent 5131, Gecko_IOThread] WARNING: pipe error (95): Conexão fechada pela outra ponta: file /build/firefox-gHMaBx/firefox-67.0.1+build1/ipc/chromium/src/chrome/common/ipc_channel_posix.cc, line 357
1566228642935	Marionette	INFO	Stopped listening on port 42995
